<?xml version="1.0" encoding="UTF-8"?>
<!-- Generated by org.testng.reporters.JUnitXMLReporter -->
<testsuite ignored="0" hostname="US1256097W1" failures="1" tests="1" name="Smoke Test: Login Page" time="4.62" errors="0" timestamp="2020-02-27T16:02:13 EST">
  <testcase classname="smoketests.LoginPresentTestNG" name="loginElementsPresentTest" time="0.157">
    <failure type="java.lang.AssertionError" message="Password textbox not present did not expect to find [true] but found [false]">
      <![CDATA[java.lang.AssertionError: Password textbox not present did not expect to find [true] but found [false]
at smoketests.LoginPresentTestNG.loginElementsPresentTest(LoginPresentTestNG.java:20)
at java.base/java.util.ArrayList.forEach(ArrayList.java:1540)
... Removed 30 stack frames]]>
    </failure>
  </testcase> <!-- loginElementsPresentTest -->
</testsuite> <!-- Smoke Test: Login Page -->
