<?xml version="1.0" encoding="UTF-8"?>
<testng-results ignored="0" total="2" passed="1" failed="1" skipped="0">
  <reporter-output>
  </reporter-output>
  <suite started-at="2020-02-27T16:02:03 EST" name="SDET University Test Suites" finished-at="2020-02-27T16:02:13 EST" duration-ms="10056">
    <groups>
    </groups>
    <test started-at="2020-02-27T16:02:03 EST" name="Smoke Test: Home Page" finished-at="2020-02-27T16:02:08 EST" duration-ms="5317">
      <class name="smoketests.ATagsTest">
        <test-method is-config="true" signature="setUp()[pri:0, instance:smoketests.ATagsTest@4c309d4d]" started-at="2020-02-27T16:02:03 EST" name="setUp" finished-at="2020-02-27T16:02:07 EST" duration-ms="4070" status="PASS">
          <reporter-output>
          </reporter-output>
        </test-method> <!-- setUp -->
        <test-method signature="aTagsLinksTest()[pri:0, instance:smoketests.ATagsTest@4c309d4d]" started-at="2020-02-27T16:02:07 EST" name="aTagsLinksTest" finished-at="2020-02-27T16:02:07 EST" duration-ms="162" status="PASS">
          <reporter-output>
          </reporter-output>
        </test-method> <!-- aTagsLinksTest -->
        <test-method is-config="true" signature="tearDown()[pri:0, instance:smoketests.ATagsTest@4c309d4d]" started-at="2020-02-27T16:02:07 EST" name="tearDown" finished-at="2020-02-27T16:02:08 EST" duration-ms="1038" status="PASS">
          <reporter-output>
          </reporter-output>
        </test-method> <!-- tearDown -->
      </class> <!-- smoketests.ATagsTest -->
    </test> <!-- Smoke Test: Home Page -->
    <test started-at="2020-02-27T16:02:09 EST" name="Smoke Test: Login Page" finished-at="2020-02-27T16:02:13 EST" duration-ms="4620">
      <class name="smoketests.LoginPresentTestNG">
        <test-method is-config="true" signature="setUp()[pri:0, instance:smoketests.LoginPresentTestNG@394a2528]" started-at="2020-02-27T16:02:09 EST" name="setUp" finished-at="2020-02-27T16:02:12 EST" duration-ms="3450" status="PASS">
          <reporter-output>
          </reporter-output>
        </test-method> <!-- setUp -->
        <test-method signature="loginElementsPresentTest()[pri:0, instance:smoketests.LoginPresentTestNG@394a2528]" started-at="2020-02-27T16:02:12 EST" name="loginElementsPresentTest" finished-at="2020-02-27T16:02:12 EST" duration-ms="157" status="FAIL">
          <exception class="java.lang.AssertionError">
            <message>
              <![CDATA[Password textbox not present did not expect to find [true] but found [false]]]>
            </message>
            <full-stacktrace>
              <![CDATA[java.lang.AssertionError: Password textbox not present did not expect to find [true] but found [false]
at org.testng.Assert.fail(Assert.java:97)
at org.testng.Assert.failNotEquals(Assert.java:969)
at org.testng.Assert.assertTrue(Assert.java:43)
at smoketests.LoginPresentTestNG.loginElementsPresentTest(LoginPresentTestNG.java:20)
at java.base/jdk.internal.reflect.NativeMethodAccessorImpl.invoke0(Native Method)
at java.base/jdk.internal.reflect.NativeMethodAccessorImpl.invoke(NativeMethodAccessorImpl.java:62)
at java.base/jdk.internal.reflect.DelegatingMethodAccessorImpl.invoke(DelegatingMethodAccessorImpl.java:43)
at java.base/java.lang.reflect.Method.invoke(Method.java:566)
at org.testng.internal.MethodInvocationHelper.invokeMethod(MethodInvocationHelper.java:133)
at org.testng.internal.TestInvoker.invokeMethod(TestInvoker.java:584)
at org.testng.internal.TestInvoker.invokeTestMethod(TestInvoker.java:172)
at org.testng.internal.MethodRunner.runInSequence(MethodRunner.java:46)
at org.testng.internal.TestInvoker$MethodInvocationAgent.invoke(TestInvoker.java:804)
at org.testng.internal.TestInvoker.invokeTestMethods(TestInvoker.java:145)
at org.testng.internal.TestMethodWorker.invokeTestMethods(TestMethodWorker.java:146)
at org.testng.internal.TestMethodWorker.run(TestMethodWorker.java:128)
at java.base/java.util.ArrayList.forEach(ArrayList.java:1540)
at org.testng.TestRunner.privateRun(TestRunner.java:770)
at org.testng.TestRunner.run(TestRunner.java:591)
at org.testng.SuiteRunner.runTest(SuiteRunner.java:402)
at org.testng.SuiteRunner.runSequentially(SuiteRunner.java:396)
at org.testng.SuiteRunner.privateRun(SuiteRunner.java:355)
at org.testng.SuiteRunner.run(SuiteRunner.java:304)
at org.testng.SuiteRunnerWorker.runSuite(SuiteRunnerWorker.java:53)
at org.testng.SuiteRunnerWorker.run(SuiteRunnerWorker.java:96)
at org.testng.TestNG.runSuitesSequentially(TestNG.java:1180)
at org.testng.TestNG.runSuitesLocally(TestNG.java:1102)
at org.testng.TestNG.runSuites(TestNG.java:1032)
at org.testng.TestNG.run(TestNG.java:1000)
at org.testng.remote.AbstractRemoteTestNG.run(AbstractRemoteTestNG.java:115)
at org.testng.remote.RemoteTestNG.initAndRun(RemoteTestNG.java:251)
at org.testng.remote.RemoteTestNG.main(RemoteTestNG.java:77)
]]>
            </full-stacktrace>
          </exception> <!-- java.lang.AssertionError -->
          <reporter-output>
          </reporter-output>
        </test-method> <!-- loginElementsPresentTest -->
        <test-method is-config="true" signature="tearDown()[pri:0, instance:smoketests.LoginPresentTestNG@394a2528]" started-at="2020-02-27T16:02:12 EST" name="tearDown" finished-at="2020-02-27T16:02:13 EST" duration-ms="1009" status="PASS">
          <reporter-output>
          </reporter-output>
        </test-method> <!-- tearDown -->
      </class> <!-- smoketests.LoginPresentTestNG -->
    </test> <!-- Smoke Test: Login Page -->
  </suite> <!-- SDET University Test Suites -->
</testng-results>
